Using pre-set license
Built from '2020.3/release' branch; Version is '2020.3.7f1 (dd97f2c94397) revision 14522354'; Using compiler version '192528614'; Build Type 'Release'
OS: 'Windows 10 Home Single Language; OS build 19042.928; Version 2009; 64bit' Language: 'ru' Physical Memory: 32704 MB
BatchMode: 1, IsHumanControllingUs: 0, StartBugReporterOnCrash: 0, Is64bit: 1, IsPro: 0

 COMMAND LINE ARGUMENTS:
D:\Unity\2020.3.7f1\Editor\Unity.exe
-adb2
-batchMode
-noUpm
-name
AssetImportWorker0
-projectPath
D:/Unity/HolidaysAreComing
-logFile
Logs/AssetImportWorker0.log
-srvPort
62429
Successfully changed project path to: D:/Unity/HolidaysAreComing
D:/Unity/HolidaysAreComing
Using Asset Import Pipeline V2.
Refreshing native plugins compatible for Editor in 26.10 ms, found 0 plugins.
Preloading 0 native plugins for Editor in 0.00 ms.
Initialize engine version: 2020.3.7f1 (dd97f2c94397)
[Subsystems] Discovering subsystems at path D:/Unity/2020.3.7f1/Editor/Data/Resources/UnitySubsystems
[Subsystems] Discovering subsystems at path D:/Unity/HolidaysAreComing/Assets
GfxDevice: creating device client; threaded=0
Direct3D:
    Version:  Direct3D 11.0 [level 11.1]
    Renderer: NVIDIA GeForce GTX 1080 (ID=0x1b80)
    Vendor:   
    VRAM:     8079 MB
    Driver:   27.21.14.5671
Initialize mono
Mono path[0] = 'D:/Unity/2020.3.7f1/Editor/Data/Managed'
Mono path[1] = 'D:/Unity/2020.3.7f1/Editor/Data/MonoBleedingEdge/lib/mono/unityjit'
Mono config path = 'D:/Unity/2020.3.7f1/Editor/Data/MonoBleedingEdge/etc'
Using monoOptions --debugger-agent=transport=dt_socket,embedding=1,server=y,suspend=n,address=127.0.0.1:56876
Begin MonoManager ReloadAssembly
Registering precompiled unity dll's ...
Register platform support module: D:/Unity/2020.3.7f1/Editor/Data/PlaybackEngines/WebGLSupport/UnityEditor.WebGL.Extensions.dll
Register platform support module: D:/Unity/2020.3.7f1/Editor/Data/PlaybackEngines/MacStandaloneSupport/UnityEditor.OSXStandalone.Extensions.dll
Register platform support module: D:/Unity/2020.3.7f1/Editor/Data/PlaybackEngines/WindowsStandaloneSupport/UnityEditor.WindowsStandalone.Extensions.dll
Register platform support module: D:/Unity/2020.3.7f1/Editor/Data/PlaybackEngines/LinuxStandaloneSupport/UnityEditor.LinuxStandalone.Extensions.dll
Register platform support module: D:/Unity/2020.3.7f1/Editor/Data/PlaybackEngines/LuminSupport/UnityEditor.Lumin.Extensions.dll
Registered in 0.008630 seconds.
Native extension for Lumin target not found
Native extension for LinuxStandalone target not found
Native extension for WindowsStandalone target not found
Native extension for OSXStandalone target not found
Native extension for WebGL target not found
Refreshing native plugins compatible for Editor in 25.74 ms, found 0 plugins.
Preloading 0 native plugins for Editor in 0.00 ms.
Mono: successfully reloaded assembly
- Completed reload, in  3.629 seconds
Platform modules already initialized, skipping
Registering precompiled user dll's ...
Registered in 0.000943 seconds.
Begin MonoManager ReloadAssembly
Native extension for Lumin target not found
Native extension for LinuxStandalone target not found
Native extension for WindowsStandalone target not found
Native extension for OSXStandalone target not found
Native extension for WebGL target not found
Refreshing native plugins compatible for Editor in 0.24 ms, found 0 plugins.
Preloading 0 native plugins for Editor in 0.00 ms.
Mono: successfully reloaded assembly
- Completed reload, in  0.982 seconds
Platform modules already initialized, skipping
========================================================================
Worker process is ready to serve import requests
Launched and connected shader compiler UnityShaderCompiler.exe after 0.05 seconds
Refreshing native plugins compatible for Editor in 0.24 ms, found 0 plugins.
Preloading 0 native plugins for Editor in 0.00 ms.
Unloading 1129 Unused Serialized files (Serialized files now loaded: 0)
System memory in use before: 57.5 MB.
System memory in use after: 57.5 MB.

Unloading 10 unused Assets to reduce memory usage. Loaded Objects now: 1571.
Total: 1.961400 ms (FindLiveObjects: 0.175100 ms CreateObjectMapping: 0.032600 ms MarkObjects: 1.662300 ms  DeleteObjects: 0.090200 ms)

========================================================================
Received Import Request.
  path: Assets/Scripts/BaseClasses/Controller.cs
  artifactKey: Guid(f791c7aa80af53c4f8faa3d8cab919ca) Importer(815301076,1909f56bfc062723c751e8b465ee728b)
Start importing Assets/Scripts/BaseClasses/Controller.cs using Guid(f791c7aa80af53c4f8faa3d8cab919ca) Importer(815301076,1909f56bfc062723c751e8b465ee728b)  -> (artifact id: '2a75b680bf64f82279ff2a3a5c28ee53') in 0.040648 seconds
  Import took 0.045993 seconds .

========================================================================
Received Import Request.
  Time since last request: 11.389543 seconds.
  path: Assets/Scripts/InputContoller/InputController.cs
  artifactKey: Guid(e620737dec463e34385fab79753acede) Importer(815301076,1909f56bfc062723c751e8b465ee728b)
Start importing Assets/Scripts/InputContoller/InputController.cs using Guid(e620737dec463e34385fab79753acede) Importer(815301076,1909f56bfc062723c751e8b465ee728b)  -> (artifact id: '57ebbcc004da12b9e796d490198f9f81') in 0.004489 seconds
  Import took 0.010129 seconds .

========================================================================
Received Prepare
Refreshing native plugins compatible for Editor in 1.03 ms, found 0 plugins.
Preloading 0 native plugins for Editor in 0.00 ms.
Unloading 3 Unused Serialized files (Serialized files now loaded: 0)
System memory in use before: 35.0 MB.
System memory in use after: 35.1 MB.

Unloading 3 unused Assets to reduce memory usage. Loaded Objects now: 1571.
Total: 3.451400 ms (FindLiveObjects: 0.240700 ms CreateObjectMapping: 0.033400 ms MarkObjects: 3.087800 ms  DeleteObjects: 0.086600 ms)

AssetImportWorkerClient::OnTransportError - code=2 error=End of file
